[debug] [2022-12-09T16:03:36.377Z] ----------------------------------------------------------------------
[debug] [2022-12-09T16:03:36.379Z] Command:       C:\Program Files\nodejs\node.exe C:\Users\Dhimas Fadhlirrahman\AppData\Roaming\npm\node_modules\firebase-tools\lib\bin\firebase.js init
[debug] [2022-12-09T16:03:36.379Z] CLI Version:   11.3.0
[debug] [2022-12-09T16:03:36.379Z] Platform:      win32
[debug] [2022-12-09T16:03:36.379Z] Node Version:  v16.15.0
[debug] [2022-12-09T16:03:36.380Z] Time:          Fri Dec 09 2022 23:03:36 GMT+0700 (Western Indonesia Time)
[debug] [2022-12-09T16:03:36.380Z] ----------------------------------------------------------------------
[debug] 
[debug] [2022-12-09T16:03:36.478Z] > command requires scopes: ["email","openid","https://www.googleapis.com/auth/cloudplatformprojects.readonly","https://www.googleapis.com/auth/firebase","https://www.googleapis.com/auth/cloud-platform"]
[debug] [2022-12-09T16:03:36.479Z] > authorizing via signed-in user (dhimasf98@gmail.com)
[info] 
     ######## #### ########  ######## ########     ###     ######  ########
     ##        ##  ##     ## ##       ##     ##  ##   ##  ##       ##
     ######    ##  ########  ######   ########  #########  ######  ######
     ##        ##  ##    ##  ##       ##     ## ##     ##       ## ##
     ##       #### ##     ## ######## ########  ##     ##  ######  ########

You're about to initialize a Firebase project in this directory:

  C:\Users\Dhimas Fadhlirrahman\Documents\My Project\indoharvest

Before we get started, keep in mind:

  * You are initializing within an existing Firebase project directory

[info] 
=== Project Setup
[info] 
[info] First, let's associate this project directory with a Firebase project.
[info] You can create multiple project aliases by running firebase use --add, 
[info] but for now we'll just set up a default project.
[info] 
[debug] [2022-12-09T16:03:48.069Z] >>> [apiv2][query] GET https://firebase.googleapis.com/v1beta1/projects pageSize=100
[debug] [2022-12-09T16:03:48.947Z] <<< [apiv2][status] GET https://firebase.googleapis.com/v1beta1/projects 200
[debug] [2022-12-09T16:03:48.947Z] <<< [apiv2][body] GET https://firebase.googleapis.com/v1beta1/projects [omitted]
[info] i  Using project indo-harvest (indo-harvest) 
[info] 
=== Hosting Setup
[info] 
[info] Your public directory is the folder (relative to your project directory) that
[info] will contain Hosting assets to be uploaded with firebase deploy. If you
[info] have a build process for your assets, use your build's output directory.
[info] 
